android/app/build/intermediates/manifest_merge_blame_file/release/manifest-merger-blame-release-report.txt
1<?xml version="1.0" encoding="utf-8"?>
2<manifest xmlns:android="http://schemas.android.com/apk/res/android"
3    package="com.ireshproject"
4    android:versionCode="1"
5    android:versionName="1.0" >
6
7    <uses-sdk
8        android:minSdkVersion="21"
8-->src/main/AndroidManifest.xml
9        android:targetSdkVersion="33" />
9-->src/main/AndroidManifest.xml
10
11    <uses-feature
11-->src/main/AndroidManifest.xml:3:5-5:36
12        android:name="android.hardware.camera"
12-->src/main/AndroidManifest.xml:4:9-47
13        android:required="false" />
13-->src/main/AndroidManifest.xml:5:9-33
14
15    <uses-permission android:name="android.permission.INTERNET" />
15-->src/main/AndroidManifest.xml:7:5-67
15-->src/main/AndroidManifest.xml:7:22-64
16    <uses-permission android:name="android.permission.CAMERA" />
16-->src/main/AndroidManifest.xml:8:5-65
16-->src/main/AndroidManifest.xml:8:22-62
17    <uses-permission android:name="android.permission.ACCESS_MEDIA_LOCATION" />
17-->src/main/AndroidManifest.xml:9:3-78
17-->src/main/AndroidManifest.xml:9:20-75
18    <uses-permission android:name="android.permission.READ_MEDIA_IMAGES" />
18-->src/main/AndroidManifest.xml:10:5-76
18-->src/main/AndroidManifest.xml:10:22-73
19    <uses-permission android:name="android.permission.READ_MEDIA_VIDEO" />
19-->src/main/AndroidManifest.xml:11:3-73
19-->src/main/AndroidManifest.xml:11:20-70
20    <uses-permission android:name="android.permission.READ_EXTERNAL_STORAGE" />
20-->src/main/AndroidManifest.xml:12:4-79
20-->src/main/AndroidManifest.xml:12:21-76
21    <uses-permission android:name="android.permission.WRITE_EXTERNAL_STORAGE" />
21-->src/main/AndroidManifest.xml:13:6-82
21-->src/main/AndroidManifest.xml:13:23-79
22
23    <queries>
23-->[:react-native-image-crop-picker] AndroidManifest.xml:7:5-11:15
24        <intent>
24-->[:react-native-image-crop-picker] AndroidManifest.xml:8:9-10:18
25            <action android:name="android.media.action.IMAGE_CAPTURE" />
25-->[:react-native-image-crop-picker] AndroidManifest.xml:9:13-73
25-->[:react-native-image-crop-picker] AndroidManifest.xml:9:21-70
26        </intent>
27    </queries>
28
29    <application
29-->src/main/AndroidManifest.xml:15:5-34:19
30        android:name="com.ireshproject.MainApplication"
30-->src/main/AndroidManifest.xml:16:7-38
31        android:allowBackup="false"
31-->src/main/AndroidManifest.xml:20:7-34
32        android:appComponentFactory="androidx.core.app.CoreComponentFactory"
32-->[androidx.core:core:1.7.0] AndroidManifest.xml:24:18-86
33        android:icon="@mipmap/ic_launcher"
33-->src/main/AndroidManifest.xml:18:7-41
34        android:label="@string/app_name"
34-->src/main/AndroidManifest.xml:17:7-39
35        android:roundIcon="@mipmap/ic_launcher"
35-->src/main/AndroidManifest.xml:19:7-46
36        android:theme="@style/AppTheme" >
36-->src/main/AndroidManifest.xml:21:7-38
37        <activity
37-->src/main/AndroidManifest.xml:22:7-33:18
38            android:name="com.ireshproject.MainActivity"
38-->src/main/AndroidManifest.xml:23:9-37
39            android:configChanges="keyboard|keyboardHidden|orientation|screenLayout|screenSize|smallestScreenSize|uiMode"
39-->src/main/AndroidManifest.xml:25:9-118
40            android:exported="true"
40-->src/main/AndroidManifest.xml:28:9-32
41            android:label="@string/app_name"
41-->src/main/AndroidManifest.xml:24:9-41
42            android:launchMode="singleTask"
42-->src/main/AndroidManifest.xml:26:9-40
43            android:windowSoftInputMode="adjustResize" >
43-->src/main/AndroidManifest.xml:27:9-51
44            <intent-filter>
44-->src/main/AndroidManifest.xml:29:9-32:25
45                <action android:name="android.intent.action.MAIN" />
45-->src/main/AndroidManifest.xml:30:13-65
45-->src/main/AndroidManifest.xml:30:21-62
46
47                <category android:name="android.intent.category.LAUNCHER" />
47-->src/main/AndroidManifest.xml:31:13-73
47-->src/main/AndroidManifest.xml:31:23-70
48            </intent-filter>
49        </activity>
50
51        <provider
51-->[:react-native-image-crop-picker] AndroidManifest.xml:16:9-24:20
52            android:name="com.reactnative.ivpusic.imagepicker.IvpusicImagePickerFileProvider"
52-->[:react-native-image-crop-picker] AndroidManifest.xml:17:13-94
53            android:authorities="com.ireshproject.provider"
53-->[:react-native-image-crop-picker] AndroidManifest.xml:18:13-60
54            android:exported="false"
54-->[:react-native-image-crop-picker] AndroidManifest.xml:19:13-37
55            android:grantUriPermissions="true" >
55-->[:react-native-image-crop-picker] AndroidManifest.xml:20:13-47
56            <meta-data
56-->[:react-native-image-crop-picker] AndroidManifest.xml:21:13-23:78
57                android:name="android.support.FILE_PROVIDER_PATHS"
57-->[:react-native-image-crop-picker] AndroidManifest.xml:22:17-67
58                android:resource="@xml/ivpusic_imagepicker_provider_paths" />
58-->[:react-native-image-crop-picker] AndroidManifest.xml:23:17-75
59        </provider>
60
61        <activity
61-->[:react-native-image-crop-picker] AndroidManifest.xml:26:9-28:72
62            android:name="com.yalantis.ucrop.UCropActivity"
62-->[:react-native-image-crop-picker] AndroidManifest.xml:27:13-60
63            android:theme="@style/Theme.AppCompat.Light.NoActionBar" />
63-->[:react-native-image-crop-picker] AndroidManifest.xml:28:13-69
64        <activity
64-->[:react-native-navigation] AndroidManifest.xml:9:9-11:40
65            android:name="com.facebook.react.devsupport.DevSettingsActivity"
65-->[:react-native-navigation] AndroidManifest.xml:10:13-77
66            android:exported="false" />
66-->[:react-native-navigation] AndroidManifest.xml:11:13-37
67
68        <provider
68-->[androidx.emoji2:emoji2:1.0.0] AndroidManifest.xml:26:9-34:20
69            android:name="androidx.startup.InitializationProvider"
69-->[androidx.emoji2:emoji2:1.0.0] AndroidManifest.xml:27:13-67
70            android:authorities="com.ireshproject.androidx-startup"
70-->[androidx.emoji2:emoji2:1.0.0] AndroidManifest.xml:28:13-68
71            android:exported="false" >
71-->[androidx.emoji2:emoji2:1.0.0] AndroidManifest.xml:29:13-37
72            <meta-data
72-->[androidx.emoji2:emoji2:1.0.0] AndroidManifest.xml:31:13-33:52
73                android:name="androidx.emoji2.text.EmojiCompatInitializer"
73-->[androidx.emoji2:emoji2:1.0.0] AndroidManifest.xml:32:17-75
74                android:value="androidx.startup" />
74-->[androidx.emoji2:emoji2:1.0.0] AndroidManifest.xml:33:17-49
75            <meta-data
75-->[androidx.lifecycle:lifecycle-process:2.4.0] AndroidManifest.xml:31:13-33:52
76                android:name="androidx.lifecycle.ProcessLifecycleInitializer"
76-->[androidx.lifecycle:lifecycle-process:2.4.0] AndroidManifest.xml:32:17-78
77                android:value="androidx.startup" />
77-->[androidx.lifecycle:lifecycle-process:2.4.0] AndroidManifest.xml:33:17-49
78        </provider>
79
80        <meta-data
80-->[com.facebook.soloader:soloader:0.10.5] AndroidManifest.xml:12:9-14:37
81            android:name="com.facebook.soloader.enabled"
81-->[com.facebook.soloader:soloader:0.10.5] AndroidManifest.xml:13:13-57
82            android:value="false" />
82-->[com.facebook.soloader:soloader:0.10.5] AndroidManifest.xml:14:13-34
83    </application>
84
85</manifest>